<?xml version="1.0" encoding="UTF-8"?>
<!-- Generated by org.testng.reporters.JUnitReportReporter -->
<testsuite skipped="0" hostname="IQA_Satyam" name="alert.AlertClass" tests="1" failures="0" timestamp="2020-01-17T12:42:41 IST" time="16.008" errors="0">
  <testcase name="alertTest" time="16.008" classname="alert.AlertClass"/>
</testsuite> <!-- alert.AlertClass -->
